2023-12-13 08:42:56,945 [INFO] Activator:176 - 


2023-12-13 08:42:56,948 [INFO] Activator:177 - !SESSION log4j initialized
2023-12-13 08:43:00,069 [INFO] LogOutputStream:77 - [STDOUT_REDIRECT] 
2023-12-13 08:43:00,425 [INFO] ApplicationProperties:184 - Using Application install path: /opt/st/stm32cubeide_1.13.1/plugins/com.st.stm32cube.common.mx_6.9.1.202307191849
2023-12-13 08:43:00,437 [INFO] DbMcusXml:78 - Set database path to: /opt/st/stm32cubeide_1.13.1/plugins/com.st.stm32cube.common.mx_6.9.1.202307191849//db//mcu/
2023-12-13 08:43:00,438 [INFO] ApiDb:274 - Set plugin database path to: /opt/st/stm32cubeide_1.13.1/plugins/com.st.stm32cube.common.mx_6.9.1.202307191849//db//plugins/boardmanager/
2023-12-13 08:43:00,438 [WARN] ApiDb:259 - Overriding images path with different value:  => /opt/st/stm32cubeide_1.13.1/plugins/com.st.stm32cube.common.mx_6.9.1.202307191849//db//plugins/mcufinder/images/
2023-12-13 08:43:00,444 [INFO] ApiDb:250 - Set database path to: /home/luca/.stmcufinder/plugins/mcufinder//mcu/
2023-12-13 08:43:00,445 [INFO] DbMcusAds:125 - Set database path to: /home/luca/.stmcufinder/plugins/mcufinder//mcu/
2023-12-13 08:43:00,447 [INFO] CrossReferenceDbSqlite:203 - Set database path to: /home/luca/.stmcufinder/plugins/mcufinder//mcu/cs/
2023-12-13 08:43:00,548 [INFO] RulesReader:64 - Compatibility file has been processed (293 Rules)
2023-12-13 08:43:00,596 [INFO] DbMcusXml:78 - Set database path to: /opt/st/stm32cubeide_1.13.1/plugins/com.st.stm32cube.common.mx_6.9.1.202307191849//db//mcu/
2023-12-13 08:43:00,596 [INFO] ApiDb:274 - Set plugin database path to: /opt/st/stm32cubeide_1.13.1/plugins/com.st.stm32cube.common.mx_6.9.1.202307191849//db//plugins/boardmanager/
2023-12-13 08:43:00,596 [INFO] ApiDb:261 - Set plugin images path to: /opt/st/stm32cubeide_1.13.1/plugins/com.st.stm32cube.common.mx_6.9.1.202307191849//db//plugins/mcufinder/images/
2023-12-13 08:43:00,596 [WARN] DbFile:41 - Overriding database path with different value: /home/luca/.stmcufinder/plugins/mcufinder/ => /home/luca/.stmcufinder/plugins/mcufinder
2023-12-13 08:43:00,596 [INFO] ApiDb:250 - Set database path to: /home/luca/.stmcufinder/plugins/mcufinder//mcu/
2023-12-13 08:43:00,597 [WARN] DbFile:41 - Overriding database path with different value: /home/luca/.stmcufinder/plugins/mcufinder/ => /home/luca/.stmcufinder/plugins/mcufinder
2023-12-13 08:43:00,597 [INFO] DbMcusAds:125 - Set database path to: /home/luca/.stmcufinder/plugins/mcufinder//mcu/
2023-12-13 08:43:00,597 [WARN] DbFile:41 - Overriding database path with different value: /home/luca/.stmcufinder/plugins/mcufinder/ => /home/luca/.stmcufinder/plugins/mcufinder
2023-12-13 08:43:00,597 [WARN] DbFile:41 - Overriding database path with different value: /home/luca/.stmcufinder/plugins/mcufinder/ => /home/luca/.stmcufinder/plugins/mcufinder
2023-12-13 08:43:00,597 [INFO] CrossReferenceDbSqlite:203 - Set database path to: /home/luca/.stmcufinder/plugins/mcufinder//mcu/cs/
2023-12-13 08:43:00,644 [INFO] MainPanel:262 - HeapMemory: 268435456
2023-12-13 08:43:00,699 [INFO] DbMcusXml:78 - Set database path to: /opt/st/stm32cubeide_1.13.1/plugins/com.st.stm32cube.common.mx_6.9.1.202307191849//db//mcu/
2023-12-13 08:43:00,699 [INFO] ApiDb:274 - Set plugin database path to: /opt/st/stm32cubeide_1.13.1/plugins/com.st.stm32cube.common.mx_6.9.1.202307191849//db//plugins/boardmanager/
2023-12-13 08:43:00,699 [INFO] ApiDb:261 - Set plugin images path to: /opt/st/stm32cubeide_1.13.1/plugins/com.st.stm32cube.common.mx_6.9.1.202307191849//db//plugins/mcufinder/images/
2023-12-13 08:43:00,699 [WARN] DbFile:41 - Overriding database path with different value: /home/luca/.stmcufinder/plugins/mcufinder/ => /home/luca/.stmcufinder/plugins/mcufinder
2023-12-13 08:43:00,699 [INFO] ApiDb:250 - Set database path to: /home/luca/.stmcufinder/plugins/mcufinder//mcu/
2023-12-13 08:43:00,699 [WARN] DbFile:41 - Overriding database path with different value: /home/luca/.stmcufinder/plugins/mcufinder/ => /home/luca/.stmcufinder/plugins/mcufinder
2023-12-13 08:43:00,699 [INFO] DbMcusAds:125 - Set database path to: /home/luca/.stmcufinder/plugins/mcufinder//mcu/
2023-12-13 08:43:00,700 [WARN] DbFile:41 - Overriding database path with different value: /home/luca/.stmcufinder/plugins/mcufinder/ => /home/luca/.stmcufinder/plugins/mcufinder
2023-12-13 08:43:00,700 [WARN] DbFile:41 - Overriding database path with different value: /home/luca/.stmcufinder/plugins/mcufinder/ => /home/luca/.stmcufinder/plugins/mcufinder
2023-12-13 08:43:00,700 [INFO] CrossReferenceDbSqlite:203 - Set database path to: /home/luca/.stmcufinder/plugins/mcufinder//mcu/cs/
2023-12-13 08:43:00,710 [INFO] ApplicationProperties:184 - Using Application install path: /opt/st/stm32cubeide_1.13.1/plugins/com.st.stm32cube.common.mx_6.9.1.202307191849
2023-12-13 08:43:00,711 [INFO] PluginManage:196 - Search for loadable plugins [exclusion list=, ]
2023-12-13 08:43:00,711 [INFO] PluginManage:310 - Check plugin analytics
2023-12-13 08:43:00,818 [INFO] AnalyticsPlugin:253 - Accepted Software Licenses: 
2023-12-13 08:43:00,819 [INFO] AnalyticsPlugin:255 - Accepted CMSIS Pack Licenses: 
2023-12-13 08:43:00,819 [INFO] AnalyticsPlugin:257 - Accepted Firmware Licenses: FW.F4.1.27.0
2023-12-13 08:43:00,821 [INFO] PluginManage:359 - Loaded plugin analytics (category:tool,tabindex:-1)
2023-12-13 08:43:00,821 [INFO] PluginManage:310 - Check plugin cadmodel
2023-12-13 08:43:00,837 [INFO] CADModel:105 - Init CAD model plugin
2023-12-13 08:43:00,837 [INFO] PluginManage:359 - Loaded plugin cadmodel (category:power,tabindex:5)
2023-12-13 08:43:00,837 [INFO] PluginManage:310 - Check plugin clock
2023-12-13 08:43:00,843 [INFO] PluginManage:359 - Loaded plugin clock (category:base,tabindex:2)
2023-12-13 08:43:00,843 [INFO] PluginManage:310 - Check plugin ddr
2023-12-13 08:43:00,845 [INFO] PluginManage:359 - Loaded plugin ddr (category:tool,tabindex:6)
2023-12-13 08:43:00,845 [INFO] PluginManage:310 - Check plugin filemanager
2023-12-13 08:43:00,940 [INFO] PluginManage:359 - Loaded plugin filemanager (category:base,tabindex:10)
2023-12-13 08:43:00,940 [INFO] PluginManage:310 - Check plugin ipmanager
2023-12-13 08:43:00,944 [INFO] PluginManage:359 - Loaded plugin ipmanager (category:base,tabindex:5)
2023-12-13 08:43:00,944 [INFO] PluginManage:310 - Check plugin lpbam
2023-12-13 08:43:00,950 [INFO] PluginManage:359 - Loaded plugin lpbam (category:base,tabindex:0)
2023-12-13 08:43:00,950 [INFO] PluginManage:310 - Check plugin memorymap
2023-12-13 08:43:00,958 [INFO] PluginManage:359 - Loaded plugin memorymap (category:base,tabindex:4)
2023-12-13 08:43:00,958 [INFO] PluginManage:310 - Check plugin pinoutandconfiguration
2023-12-13 08:43:00,963 [INFO] PluginManage:359 - Loaded plugin pinoutandconfiguration (category:base,tabindex:1)
2023-12-13 08:43:00,963 [INFO] PluginManage:310 - Check plugin pinoutconfig
2023-12-13 08:43:01,033 [WARN] SupportedApi:132 - Cannot load RTOS API schema: s4s-elt-must-match.1: The content of 'definitions' must match (annotation?, (simpleType | complexType)?, (unique | key | keyref)*)). A problem was found starting at: attribute.
2023-12-13 08:43:01,151 [INFO] PluginManage:359 - Loaded plugin pinoutconfig (category:base,tabindex:0)
2023-12-13 08:43:01,151 [INFO] PluginManage:310 - Check plugin power
2023-12-13 08:43:01,156 [INFO] PluginManage:359 - Loaded plugin power (category:power,tabindex:4)
2023-12-13 08:43:01,156 [INFO] PluginManage:310 - Check plugin projectmanager
2023-12-13 08:43:01,166 [INFO] PluginManage:359 - Loaded plugin projectmanager (category:projectmanager,tabindex:3)
2023-12-13 08:43:01,167 [INFO] PluginManage:310 - Check plugin thirdparty
2023-12-13 08:43:01,248 [INFO] PluginManage:359 - Loaded plugin thirdparty (category:base,tabindex:-1)
2023-12-13 08:43:01,248 [WARN] IntegrityCheckThread:84 - waiting for thirdparty lock release [integrity check]
2023-12-13 08:43:01,248 [INFO] PluginManage:310 - Check plugin tools
2023-12-13 08:43:01,248 [INFO] IntegrityCheckThread:86 - entering critical section [integrity check]
2023-12-13 08:43:01,249 [INFO] ThirdPartyUpdaterWithRetryManager:70 - Updater plugin not ready yet. [1/15]
2023-12-13 08:43:01,250 [INFO] PluginManage:359 - Loaded plugin tools (category:base,tabindex:7)
2023-12-13 08:43:01,250 [INFO] PluginManage:310 - Check plugin tutovideos
2023-12-13 08:43:01,370 [INFO] PluginManage:359 - Loaded plugin tutovideos (category:base,tabindex:-1)
2023-12-13 08:43:01,370 [INFO] PluginManage:310 - Check plugin updater
2023-12-13 08:43:01,377 [INFO] PluginManage:359 - Loaded plugin updater (category:base,tabindex:12)
2023-12-13 08:43:01,377 [INFO] PluginManage:310 - Check plugin userauth
2023-12-13 08:43:01,380 [INFO] UserAuth:113 - Init User Auth plugin
2023-12-13 08:43:01,380 [INFO] PluginManage:359 - Loaded plugin userauth (category:base,tabindex:14)
2023-12-13 08:43:01,381 [INFO] PluginManage:283 - PluginManage : Loaded plugins [17]
2023-12-13 08:43:01,507 [INFO] PinOutPanel:1499 - setPackage(No Configuration,No Configuration)
2023-12-13 08:43:01,571 [INFO] CADModel:165 - CPN selected for project level
2023-12-13 08:43:01,571 [INFO] CADModel:114 - Register for checkConnection events
2023-12-13 08:43:01,579 [INFO] IPUIPlugin:80 - create IPUIPlugin
2023-12-13 08:43:01,579 [INFO] PluginManager:220 - loadIPPluginJar : add sai
2023-12-13 08:43:01,581 [INFO] IPUIPlugin:80 - create IPUIPlugin
2023-12-13 08:43:01,581 [INFO] PluginManager:220 - loadIPPluginJar : add ipddr
2023-12-13 08:43:01,582 [INFO] IPUIPlugin:80 - create IPUIPlugin
2023-12-13 08:43:01,582 [INFO] PluginManager:220 - loadIPPluginJar : add ltdc
2023-12-13 08:43:01,583 [INFO] IPUIPlugin:80 - create IPUIPlugin
2023-12-13 08:43:01,583 [INFO] PluginManager:220 - loadIPPluginJar : add genericplugin
2023-12-13 08:43:01,584 [INFO] IPUIPlugin:80 - create IPUIPlugin
2023-12-13 08:43:01,584 [INFO] PluginManager:220 - loadIPPluginJar : add i2c
2023-12-13 08:43:01,586 [INFO] IPUIPlugin:80 - create IPUIPlugin
2023-12-13 08:43:01,586 [INFO] PluginManager:220 - loadIPPluginJar : add i2s
2023-12-13 08:43:01,589 [INFO] IPUIPlugin:80 - create IPUIPlugin
2023-12-13 08:43:01,589 [INFO] PluginManager:220 - loadIPPluginJar : add freertos
2023-12-13 08:43:01,592 [INFO] IPUIPlugin:80 - create IPUIPlugin
2023-12-13 08:43:01,594 [INFO] PluginManager:220 - loadIPPluginJar : add plateformsettings
2023-12-13 08:43:01,595 [INFO] IPUIPlugin:80 - create IPUIPlugin
2023-12-13 08:43:01,595 [INFO] PluginManager:220 - loadIPPluginJar : add i3c
2023-12-13 08:43:01,596 [INFO] IPUIPlugin:80 - create IPUIPlugin
2023-12-13 08:43:01,596 [INFO] PluginManager:220 - loadIPPluginJar : add fatfs
2023-12-13 08:43:01,597 [INFO] IPUIPlugin:80 - create IPUIPlugin
2023-12-13 08:43:01,597 [INFO] PluginManager:220 - loadIPPluginJar : add ts
2023-12-13 08:43:01,598 [INFO] IPUIPlugin:80 - create IPUIPlugin
2023-12-13 08:43:01,598 [INFO] PluginManager:220 - loadIPPluginJar : add cryp
2023-12-13 08:43:01,601 [INFO] IPUIPlugin:80 - create IPUIPlugin
2023-12-13 08:43:01,601 [INFO] PluginManager:220 - loadIPPluginJar : add opamp
2023-12-13 08:43:01,602 [INFO] IPUIPlugin:80 - create IPUIPlugin
2023-12-13 08:43:01,603 [INFO] PluginManager:220 - loadIPPluginJar : add ucpd
2023-12-13 08:43:01,604 [INFO] IPUIPlugin:80 - create IPUIPlugin
2023-12-13 08:43:01,604 [INFO] PluginManager:220 - loadIPPluginJar : add tim
2023-12-13 08:43:01,605 [INFO] IPUIPlugin:80 - create IPUIPlugin
2023-12-13 08:43:01,605 [INFO] PluginManager:220 - loadIPPluginJar : add can
2023-12-13 08:43:01,606 [INFO] IPUIPlugin:80 - create IPUIPlugin
2023-12-13 08:43:01,606 [INFO] PluginManager:220 - loadIPPluginJar : add aes
2023-12-13 08:43:01,609 [INFO] IPUIPlugin:80 - create IPUIPlugin
2023-12-13 08:43:01,609 [INFO] PluginManager:220 - loadIPPluginJar : add gpio
2023-12-13 08:43:01,611 [INFO] IPUIPlugin:80 - create IPUIPlugin
2023-12-13 08:43:01,611 [INFO] PluginManager:220 - loadIPPluginJar : add fmc
2023-12-13 08:43:01,613 [INFO] IPUIPlugin:80 - create IPUIPlugin
2023-12-13 08:43:01,613 [INFO] PluginManager:220 - loadIPPluginJar : add gtzc
2023-12-13 08:43:01,614 [INFO] IPUIPlugin:80 - create IPUIPlugin
2023-12-13 08:43:01,614 [INFO] PluginManager:220 - loadIPPluginJar : add tsc
2023-12-13 08:43:01,615 [INFO] IPUIPlugin:80 - create IPUIPlugin
2023-12-13 08:43:01,615 [INFO] PluginManager:220 - loadIPPluginJar : add lorawan
2023-12-13 08:43:01,616 [INFO] IPUIPlugin:80 - create IPUIPlugin
2023-12-13 08:43:01,616 [INFO] PluginManager:220 - loadIPPluginJar : add tracer_emb
2023-12-13 08:43:01,619 [INFO] IPUIPlugin:80 - create IPUIPlugin
2023-12-13 08:43:01,619 [INFO] PluginManager:220 - loadIPPluginJar : add nvic
2023-12-13 08:43:01,620 [INFO] IPUIPlugin:80 - create IPUIPlugin
2023-12-13 08:43:01,620 [INFO] PluginManager:220 - loadIPPluginJar : add comp
2023-12-13 08:43:01,624 [INFO] IPUIPlugin:80 - create IPUIPlugin
2023-12-13 08:43:01,624 [INFO] PluginManager:220 - loadIPPluginJar : add mdma
2023-12-13 08:43:01,625 [INFO] IPUIPlugin:80 - create IPUIPlugin
2023-12-13 08:43:01,625 [INFO] PluginManager:220 - loadIPPluginJar : add gfxmmu
2023-12-13 08:43:01,626 [INFO] IPUIPlugin:80 - create IPUIPlugin
2023-12-13 08:43:01,626 [INFO] PluginManager:220 - loadIPPluginJar : add dma3
2023-12-13 08:43:01,630 [INFO] IPUIPlugin:80 - create IPUIPlugin
2023-12-13 08:43:01,630 [INFO] PluginManager:220 - loadIPPluginJar : add linkedlist
2023-12-13 08:43:01,633 [INFO] IPUIPlugin:80 - create IPUIPlugin
2023-12-13 08:43:01,633 [INFO] PluginManager:220 - loadIPPluginJar : add gic
2023-12-13 08:43:01,634 [INFO] IPUIPlugin:80 - create IPUIPlugin
2023-12-13 08:43:01,635 [INFO] PluginManager:220 - loadIPPluginJar : add touchsensing
2023-12-13 08:43:01,636 [INFO] IPUIPlugin:80 - create IPUIPlugin
2023-12-13 08:43:01,636 [INFO] PluginManager:220 - loadIPPluginJar : add hash
2023-12-13 08:43:01,637 [INFO] IPUIPlugin:80 - create IPUIPlugin
2023-12-13 08:43:01,637 [INFO] PluginManager:220 - loadIPPluginJar : add resmgrutility
2023-12-13 08:43:01,638 [INFO] IPUIPlugin:80 - create IPUIPlugin
2023-12-13 08:43:01,638 [INFO] PluginManager:220 - loadIPPluginJar : add usart
2023-12-13 08:43:01,639 [INFO] IPUIPlugin:80 - create IPUIPlugin
2023-12-13 08:43:01,639 [INFO] PluginManager:220 - loadIPPluginJar : add spi
2023-12-13 08:43:01,640 [INFO] IPUIPlugin:80 - create IPUIPlugin
2023-12-13 08:43:01,640 [INFO] PluginManager:220 - loadIPPluginJar : add openamp
2023-12-13 08:43:01,643 [INFO] IPUIPlugin:80 - create IPUIPlugin
2023-12-13 08:43:01,643 [INFO] PluginManager:220 - loadIPPluginJar : add dma
2023-12-13 08:43:01,645 [INFO] IPUIPlugin:80 - create IPUIPlugin
2023-12-13 08:43:01,645 [INFO] PluginManager:220 - loadIPPluginJar : add usbx
2023-12-13 08:43:01,646 [INFO] IPUIPlugin:80 - create IPUIPlugin
2023-12-13 08:43:01,646 [INFO] PluginManager:220 - loadIPPluginJar : add dfsdm
2023-12-13 08:43:01,648 [INFO] IPUIPlugin:80 - create IPUIPlugin
2023-12-13 08:43:01,648 [INFO] PluginManager:220 - loadIPPluginJar : add stm32_wpan
2023-12-13 08:43:01,649 [INFO] IPUIPlugin:80 - create IPUIPlugin
2023-12-13 08:43:01,649 [INFO] PluginManager:220 - loadIPPluginJar : add quadspi
2023-12-13 08:43:01,652 [INFO] IPUIPlugin:80 - create IPUIPlugin
2023-12-13 08:43:01,652 [INFO] PluginManager:220 - loadIPPluginJar : add adc
2023-12-13 08:43:01,654 [INFO] IPUIPlugin:80 - create IPUIPlugin
2023-12-13 08:43:01,654 [INFO] PluginManager:220 - loadIPPluginJar : add pdm2pcm
2023-12-13 08:43:01,743 [INFO] CADModel:165 - CPN selected for project level
2023-12-13 08:43:01,743 [INFO] CADModel:114 - Register for checkConnection events
2023-12-13 08:43:01,743 [FATAL] Updater:308 - Updater called before beeing initialized
2023-12-13 08:43:01,743 [ERROR] CADModel:125 - Updater not yet initialized, retry later 
2023-12-13 08:43:01,894 [INFO] CADModel:165 - CPN selected for project level
2023-12-13 08:43:01,894 [INFO] CADModel:114 - Register for checkConnection events
2023-12-13 08:43:01,894 [FATAL] Updater:308 - Updater called before beeing initialized
2023-12-13 08:43:01,894 [ERROR] CADModel:125 - Updater not yet initialized, retry later 
2023-12-13 08:43:01,896 [FATAL] Updater:308 - Updater called before beeing initialized
2023-12-13 08:43:01,957 [FATAL] Updater:308 - Updater called before beeing initialized
2023-12-13 08:43:01,961 [INFO] DbMcusAds:53 - JSON generation date=Wed Nov 29 11:52:38 CET 2023 (1701255158764)
2023-12-13 08:43:01,961 [FATAL] Updater:308 - Updater called before beeing initialized
2023-12-13 08:43:01,990 [WARN] DetailPanel:346 - Failed to get advertising image, set to default
2023-12-13 08:43:02,062 [FATAL] Updater:308 - Updater called before beeing initialized
2023-12-13 08:43:02,063 [FATAL] Updater:308 - Updater called before beeing initialized
2023-12-13 08:43:02,063 [FATAL] Updater:308 - Updater called before beeing initialized
2023-12-13 08:43:02,063 [WARN] DetailPanel:346 - Failed to get advertising image, set to default
2023-12-13 08:43:02,064 [FATAL] Updater:308 - Updater called before beeing initialized
2023-12-13 08:43:02,086 [ERROR] Updater:1120 - MainUpdater not yet initialized. External WinMGr cannot be set.
2023-12-13 08:43:02,087 [INFO] Updater:1056 - Updater Version found : 6.9.1
2023-12-13 08:43:02,100 [INFO] ApplicationProperties:184 - Using Application install path: /opt/st/stm32cubeide_1.13.1/plugins/com.st.stm32cube.common.mx_6.9.1.202307191849
2023-12-13 08:43:02,221 [INFO] MainUpdater:2868 - connection check result : 10
2023-12-13 08:43:02,222 [INFO] MainUpdater:285 - Updater Check For Update Now.
2023-12-13 08:43:02,222 [INFO] MicroXplorer:498 - Change Database Version : DB.6.0.91
2023-12-13 08:43:02,227 [INFO] McuFinderGlobals:63 - Set McuFinder mode to 2 (CubeIDE integrated)
2023-12-13 08:43:02,390 [INFO] CheckServerUpdateThread:120 - End of CheckServer Thread
2023-12-13 08:43:04,441 [WARN] PackLoader:240 - Cannot read IP mode file for STMicroelectronics.X-CUBE-SMBUS.2.1.0
2023-12-13 08:43:04,471 [WARN] PackLoader:240 - Cannot read IP mode file for STMicroelectronics.X-CUBE-AZRTOS-F7.1.1.0
2023-12-13 08:43:04,479 [WARN] PackLoader:240 - Cannot read IP mode file for STMicroelectronics.FP-SNS-MOTENV1.4.3.2
2023-12-13 08:43:04,484 [WARN] PackLoader:240 - Cannot read IP mode file for STMicroelectronics.FP-SNS-FLIGHT1.5.0.2
2023-12-13 08:43:04,491 [WARN] PackLoader:240 - Cannot read IP mode file for STMicroelectronics.X-CUBE-DISPLAY.3.0.0
2023-12-13 08:43:04,500 [WARN] PackLoader:240 - Cannot read IP mode file for STMicroelectronics.X-CUBE-BLE1.7.0.0
2023-12-13 08:43:04,504 [WARN] PackLoader:240 - Cannot read IP mode file for emotas.I-CUBE-CANOPEN.1.3.0
2023-12-13 08:43:04,507 [WARN] PackLoader:240 - Cannot read IP mode file for STMicroelectronics.X-CUBE-TOUCHGFX.4.22.0
2023-12-13 08:43:04,509 [WARN] PackLoader:240 - Cannot read IP mode file for STMicroelectronics.X-CUBE-TOUCHGFX.4.22.1
2023-12-13 08:43:04,512 [WARN] PackLoader:240 - Cannot read IP mode file for STMicroelectronics.FP-SNS-SMARTAG2.1.2.0
2023-12-13 08:43:04,521 [INFO] LogOutputStream:77 - [STDOUT_REDIRECT] 1 : Invalid condition id : UX_CORESTACK_Condition cause : null
2023-12-13 08:43:04,522 [INFO] LogOutputStream:77 - [STDOUT_REDIRECT] 1 : Invalid condition id : UX_CORESTACK_Condition cause : null
2023-12-13 08:43:04,522 [INFO] LogOutputStream:77 - [STDOUT_REDIRECT] 1 : Invalid condition id : UX_CORESTACK_Condition cause : null
2023-12-13 08:43:04,523 [INFO] LogOutputStream:77 - [STDOUT_REDIRECT] 1 : Invalid condition id : UX_CORESTACK_Condition cause : null
2023-12-13 08:43:04,523 [INFO] LogOutputStream:77 - [STDOUT_REDIRECT] 1 : Invalid condition id : UX_CORESTACK_Condition cause : null
2023-12-13 08:43:04,527 [WARN] PackLoader:240 - Cannot read IP mode file for STMicroelectronics.X-CUBE-AZRTOS-WL.2.0.0
2023-12-13 08:43:04,533 [WARN] PackLoader:240 - Cannot read IP mode file for WES.I-CUBE-Cesium.1.3.0
2023-12-13 08:43:04,537 [WARN] PackLoader:240 - Cannot read IP mode file for STMicroelectronics.X-CUBE-BLE2.3.3.0
2023-12-13 08:43:04,542 [WARN] PackLoader:240 - Cannot read IP mode file for STMicroelectronics.X-CUBE-ALGOBUILD.1.3.0
2023-12-13 08:43:04,575 [WARN] PackLoader:240 - Cannot read IP mode file for STMicroelectronics.X-CUBE-AZRTOS-G0.1.1.0
2023-12-13 08:43:04,584 [WARN] PackLoader:240 - Cannot read IP mode file for STMicroelectronics.X-CUBE-NFC4.3.0.0
2023-12-13 08:43:04,597 [WARN] PackLoader:240 - Cannot read IP mode file for STMicroelectronics.X-CUBE-BLEMGR.3.0.0
2023-12-13 08:43:04,604 [WARN] PackLoader:240 - Cannot read IP mode file for STMicroelectronics.FP-ATR-SIGFOX1.3.2.0
2023-12-13 08:43:04,651 [WARN] PackLoader:240 - Cannot read IP mode file for SEGGER.I-CUBE-embOS.1.3.1
2023-12-13 08:43:04,691 [WARN] PackLoader:240 - Cannot read IP mode file for STMicroelectronics.X-CUBE-GNSS1.6.0.0
2023-12-13 08:43:04,704 [WARN] PackLoader:240 - Cannot read IP mode file for STMicroelectronics.X-CUBE-AZRTOS-F4.1.1.0
2023-12-13 08:43:04,708 [WARN] PackLoader:240 - Cannot read IP mode file for wolfSSL.I-CUBE-wolfSSL.5.6.3
2023-12-13 08:43:04,719 [WARN] PackLoader:240 - Cannot read IP mode file for STMicroelectronics.X-CUBE-AZRTOS-L5.2.0.0
2023-12-13 08:43:04,758 [WARN] PackLoader:240 - Cannot read IP mode file for STMicroelectronics.X-CUBE-MEMS1.9.6.0
2023-12-13 08:43:04,886 [WARN] PackLoader:240 - Cannot read IP mode file for STMicroelectronics.X-CUBE-EEPRMA1.4.2.0
2023-12-13 08:43:04,890 [WARN] PackLoader:240 - Cannot read IP mode file for ITTIA_DB.I-CUBE-ITTIADB.8.8.0
2023-12-13 08:43:04,894 [WARN] PackLoader:240 - Cannot read IP mode file for STMicroelectronics.X-CUBE-BLEMGR.2.0.0
2023-12-13 08:43:04,907 [WARN] ConditionMgr:438 - getConditionDescription Invalid condition id : UX DEVICE CLASS RTOS Condition cause : null
2023-12-13 08:43:04,907 [WARN] ConditionMgr:438 - getConditionDescription Invalid condition id : UX DEVICE CLASS RTOS Condition cause : null
2023-12-13 08:43:04,909 [WARN] PackLoader:240 - Cannot read IP mode file for STMicroelectronics.X-CUBE-AZRTOS-H7.3.1.0
2023-12-13 08:43:04,910 [WARN] ConditionMgr:1039 - genDependencies : Invalid condition id : UX DEVICE CLASS RTOS Condition cause : null
2023-12-13 08:43:04,910 [WARN] ConditionMgr:1039 - genDependencies : Invalid condition id : UX DEVICE CLASS RTOS Condition cause : null
2023-12-13 08:43:04,910 [WARN] ConditionMgr:1039 - genDependencies : Invalid condition id : UX DEVICE CLASS RTOS Condition cause : null
2023-12-13 08:43:04,911 [WARN] ConditionMgr:1039 - genDependencies : Invalid condition id : UX DEVICE CLASS RTOS Condition cause : null
2023-12-13 08:43:04,911 [WARN] ConditionMgr:1039 - genDependencies : Invalid condition id : UX DEVICE CLASS RTOS Condition cause : null
2023-12-13 08:43:04,915 [WARN] PackLoader:240 - Cannot read IP mode file for STMicroelectronics.X-CUBE-NFC7.1.0.1
2023-12-13 08:43:04,920 [WARN] PackLoader:240 - Cannot read IP mode file for STMicroelectronics.X-CUBE-NFC6.3.0.0
2023-12-13 08:43:04,924 [WARN] PackLoader:240 - Cannot read IP mode file for STMicroelectronics.X-CUBE-EEPRMA1.4.1.0
2023-12-13 08:43:04,927 [WARN] PackLoader:240 - Cannot read IP mode file for STMicroelectronics.X-CUBE-AI.8.1.0
2023-12-13 08:43:04,940 [WARN] ConditionMgr:438 - getConditionDescription Invalid condition id : LAN8742 Phy interface Condition cause : null
2023-12-13 08:43:04,940 [WARN] PackLoader:240 - Cannot read IP mode file for STMicroelectronics.X-CUBE-AZRTOS-L4.2.0.0
2023-12-13 08:43:04,941 [WARN] ConditionMgr:1039 - genDependencies : Invalid condition id : LAN8742 Phy interface Condition cause : null
2023-12-13 08:43:04,941 [WARN] ConditionMgr:1039 - genDependencies : Invalid condition id : LAN8742 Phy interface Condition cause : null
2023-12-13 08:43:04,942 [WARN] ConditionMgr:1039 - genDependencies : Invalid condition id : LAN8742 Phy interface Condition cause : null
2023-12-13 08:43:04,946 [WARN] PackLoader:240 - Cannot read IP mode file for STMicroelectronics.X-CUBE-SFXS2LP1.4.0.0
2023-12-13 08:43:04,949 [WARN] PackLoader:240 - Cannot read IP mode file for STMicroelectronics.X-CUBE-ISPU.1.1.0
2023-12-13 08:43:04,964 [WARN] ConditionMgr:438 - getConditionDescription Invalid condition id : UX DEVICE CLASS RTOS Condition cause : null
2023-12-13 08:43:04,965 [WARN] ConditionMgr:438 - getConditionDescription Invalid condition id : UX DEVICE CLASS RTOS Condition cause : null
2023-12-13 08:43:04,968 [WARN] PackLoader:240 - Cannot read IP mode file for STMicroelectronics.X-CUBE-AZRTOS-WB.2.0.0
2023-12-13 08:43:04,969 [WARN] ConditionMgr:1039 - genDependencies : Invalid condition id : UX DEVICE CLASS RTOS Condition cause : null
2023-12-13 08:43:04,969 [WARN] ConditionMgr:1039 - genDependencies : Invalid condition id : UX DEVICE CLASS RTOS Condition cause : null
2023-12-13 08:43:04,970 [WARN] ConditionMgr:1039 - genDependencies : Invalid condition id : UX DEVICE CLASS RTOS Condition cause : null
2023-12-13 08:43:04,970 [WARN] ConditionMgr:1039 - genDependencies : Invalid condition id : UX DEVICE CLASS RTOS Condition cause : null
2023-12-13 08:43:04,970 [WARN] ConditionMgr:1039 - genDependencies : Invalid condition id : UX DEVICE CLASS RTOS Condition cause : null
2023-12-13 08:43:04,983 [WARN] PackLoader:240 - Cannot read IP mode file for STMicroelectronics.X-CUBE-SUBG2.5.0.0
2023-12-13 08:43:05,003 [WARN] PackLoader:240 - Cannot read IP mode file for STMicroelectronics.X-CUBE-TOF1.3.3.1
2023-12-13 08:43:05,045 [WARN] PackLoader:240 - Cannot read IP mode file for STMicroelectronics.X-CUBE-AZRTOS-G4.2.0.0
2023-12-13 08:43:05,061 [WARN] PackLoader:240 - Cannot read IP mode file for Infineon.AIROC-Wi-Fi-Bluetooth-STM32.1.5.1
2023-12-13 08:43:05,069 [WARN] PackLoader:240 - Cannot read IP mode file for STMicroelectronics.FP-SNS-MOTENVWB1.1.3.0
2023-12-13 08:43:05,073 [WARN] PackLoader:240 - Cannot read IP mode file for STMicroelectronics.FP-SNS-MOTENVWB1.1.3.1
2023-12-13 08:43:05,076 [WARN] PackLoader:240 - Cannot read IP mode file for STMicroelectronics.X-CUBE-ISPU.2.0.0
2023-12-13 08:43:05,104 [WARN] PackLoader:240 - Cannot read IP mode file for STMicroelectronics.X-CUBE-MEMS1.10.0.0
2023-12-13 08:43:05,205 [WARN] PackLoader:240 - Cannot read IP mode file for STMicroelectronics.X-CUBE-FREERTOS.1.1.0
2023-12-13 08:43:05,208 [WARN] PackLoader:240 - Cannot read IP mode file for portGmbH.I-Cube-SoM-uGOAL.1.1.0
2023-12-13 08:43:05,210 [WARN] PackLoader:240 - Cannot read IP mode file for STMicroelectronics.X-CUBE-ALS.1.0.1
2023-12-13 08:43:05,212 [WARN] PackLoader:240 - Cannot read IP mode file for STMicroelectronics.FP-ATR-ASTRA1.2.0.0
2023-12-13 08:43:05,218 [WARN] PackLoader:240 - Cannot read IP mode file for STMicroelectronics.X-CUBE-TOF1.3.4.0
2023-12-13 08:43:05,236 [WARN] PackLoader:240 - Cannot read IP mode file for STMicroelectronics.X-CUBE-AZRTOS-H7.3.2.0
2023-12-13 08:43:05,238 [INFO] ThirdParty:978 - Integrity check success = true
2023-12-13 08:43:05,238 [INFO] IntegrityCheckThread:100 - exiting critical section [integrity check]
2023-12-13 08:43:05,239 [INFO] IntegrityCheckThread:103 - End integrity checks thread
2023-12-13 08:43:22,980 [ERROR] LogOutputStream:75 - [STDERR_REDIRECT] SLF4J: Failed to load class "org.slf4j.impl.StaticLoggerBinder".
2023-12-13 08:43:22,981 [ERROR] LogOutputStream:75 - [STDERR_REDIRECT] SLF4J: Defaulting to no-operation (NOP) logger implementation
2023-12-13 08:43:22,981 [ERROR] LogOutputStream:75 - [STDERR_REDIRECT] SLF4J: See http://www.slf4j.org/codes.html#StaticLoggerBinder for further details.
