2023-11-18 12:16:28,880 [INFO] Activator:176 - 


2023-11-18 12:16:28,883 [INFO] Activator:177 - !SESSION log4j initialized
2023-11-18 12:16:32,678 [INFO] LogOutputStream:77 - [STDOUT_REDIRECT] 
2023-11-18 12:16:33,138 [INFO] ApplicationProperties:184 - Using Application install path: /opt/st/stm32cubeide_1.13.1/plugins/com.st.stm32cube.common.mx_6.9.1.202307191849
2023-11-18 12:16:33,154 [INFO] DbMcusXml:78 - Set database path to: /opt/st/stm32cubeide_1.13.1/plugins/com.st.stm32cube.common.mx_6.9.1.202307191849//db//mcu/
2023-11-18 12:16:33,155 [INFO] ApiDb:274 - Set plugin database path to: /opt/st/stm32cubeide_1.13.1/plugins/com.st.stm32cube.common.mx_6.9.1.202307191849//db//plugins/boardmanager/
2023-11-18 12:16:33,155 [WARN] ApiDb:259 - Overriding images path with different value:  => /opt/st/stm32cubeide_1.13.1/plugins/com.st.stm32cube.common.mx_6.9.1.202307191849//db//plugins/mcufinder/images/
2023-11-18 12:16:33,174 [INFO] ApiDb:250 - Set database path to: /home/luca/.stmcufinder/plugins/mcufinder//mcu/
2023-11-18 12:16:33,177 [INFO] DbMcusAds:125 - Set database path to: /home/luca/.stmcufinder/plugins/mcufinder//mcu/
2023-11-18 12:16:33,182 [INFO] CrossReferenceDbSqlite:203 - Set database path to: /home/luca/.stmcufinder/plugins/mcufinder//mcu/cs/
2023-11-18 12:16:33,275 [INFO] RulesReader:64 - Compatibility file has been processed (293 Rules)
2023-11-18 12:16:33,327 [INFO] DbMcusXml:78 - Set database path to: /opt/st/stm32cubeide_1.13.1/plugins/com.st.stm32cube.common.mx_6.9.1.202307191849//db//mcu/
2023-11-18 12:16:33,327 [INFO] ApiDb:274 - Set plugin database path to: /opt/st/stm32cubeide_1.13.1/plugins/com.st.stm32cube.common.mx_6.9.1.202307191849//db//plugins/boardmanager/
2023-11-18 12:16:33,327 [INFO] ApiDb:261 - Set plugin images path to: /opt/st/stm32cubeide_1.13.1/plugins/com.st.stm32cube.common.mx_6.9.1.202307191849//db//plugins/mcufinder/images/
2023-11-18 12:16:33,327 [WARN] DbFile:41 - Overriding database path with different value: /home/luca/.stmcufinder/plugins/mcufinder/ => /home/luca/.stmcufinder/plugins/mcufinder
2023-11-18 12:16:33,327 [INFO] ApiDb:250 - Set database path to: /home/luca/.stmcufinder/plugins/mcufinder//mcu/
2023-11-18 12:16:33,328 [WARN] DbFile:41 - Overriding database path with different value: /home/luca/.stmcufinder/plugins/mcufinder/ => /home/luca/.stmcufinder/plugins/mcufinder
2023-11-18 12:16:33,328 [INFO] DbMcusAds:125 - Set database path to: /home/luca/.stmcufinder/plugins/mcufinder//mcu/
2023-11-18 12:16:33,328 [WARN] DbFile:41 - Overriding database path with different value: /home/luca/.stmcufinder/plugins/mcufinder/ => /home/luca/.stmcufinder/plugins/mcufinder
2023-11-18 12:16:33,328 [WARN] DbFile:41 - Overriding database path with different value: /home/luca/.stmcufinder/plugins/mcufinder/ => /home/luca/.stmcufinder/plugins/mcufinder
2023-11-18 12:16:33,328 [INFO] CrossReferenceDbSqlite:203 - Set database path to: /home/luca/.stmcufinder/plugins/mcufinder//mcu/cs/
2023-11-18 12:16:33,374 [INFO] MainPanel:262 - HeapMemory: 268435456
2023-11-18 12:16:33,424 [INFO] DbMcusXml:78 - Set database path to: /opt/st/stm32cubeide_1.13.1/plugins/com.st.stm32cube.common.mx_6.9.1.202307191849//db//mcu/
2023-11-18 12:16:33,424 [INFO] ApiDb:274 - Set plugin database path to: /opt/st/stm32cubeide_1.13.1/plugins/com.st.stm32cube.common.mx_6.9.1.202307191849//db//plugins/boardmanager/
2023-11-18 12:16:33,424 [INFO] ApiDb:261 - Set plugin images path to: /opt/st/stm32cubeide_1.13.1/plugins/com.st.stm32cube.common.mx_6.9.1.202307191849//db//plugins/mcufinder/images/
2023-11-18 12:16:33,424 [WARN] DbFile:41 - Overriding database path with different value: /home/luca/.stmcufinder/plugins/mcufinder/ => /home/luca/.stmcufinder/plugins/mcufinder
2023-11-18 12:16:33,424 [INFO] ApiDb:250 - Set database path to: /home/luca/.stmcufinder/plugins/mcufinder//mcu/
2023-11-18 12:16:33,424 [WARN] DbFile:41 - Overriding database path with different value: /home/luca/.stmcufinder/plugins/mcufinder/ => /home/luca/.stmcufinder/plugins/mcufinder
2023-11-18 12:16:33,424 [INFO] DbMcusAds:125 - Set database path to: /home/luca/.stmcufinder/plugins/mcufinder//mcu/
2023-11-18 12:16:33,425 [WARN] DbFile:41 - Overriding database path with different value: /home/luca/.stmcufinder/plugins/mcufinder/ => /home/luca/.stmcufinder/plugins/mcufinder
2023-11-18 12:16:33,425 [WARN] DbFile:41 - Overriding database path with different value: /home/luca/.stmcufinder/plugins/mcufinder/ => /home/luca/.stmcufinder/plugins/mcufinder
2023-11-18 12:16:33,425 [INFO] CrossReferenceDbSqlite:203 - Set database path to: /home/luca/.stmcufinder/plugins/mcufinder//mcu/cs/
2023-11-18 12:16:33,434 [INFO] ApplicationProperties:184 - Using Application install path: /opt/st/stm32cubeide_1.13.1/plugins/com.st.stm32cube.common.mx_6.9.1.202307191849
2023-11-18 12:16:33,435 [INFO] PluginManage:196 - Search for loadable plugins [exclusion list=, ]
2023-11-18 12:16:33,436 [INFO] PluginManage:310 - Check plugin analytics
2023-11-18 12:16:33,553 [INFO] AnalyticsPlugin:253 - Accepted Software Licenses: 
2023-11-18 12:16:33,553 [INFO] AnalyticsPlugin:255 - Accepted CMSIS Pack Licenses: 
2023-11-18 12:16:33,554 [INFO] AnalyticsPlugin:257 - Accepted Firmware Licenses: FW.F4.1.27.0
2023-11-18 12:16:33,556 [INFO] PluginManage:359 - Loaded plugin analytics (category:tool,tabindex:-1)
2023-11-18 12:16:33,556 [INFO] PluginManage:310 - Check plugin cadmodel
2023-11-18 12:16:33,574 [INFO] CADModel:105 - Init CAD model plugin
2023-11-18 12:16:33,574 [INFO] PluginManage:359 - Loaded plugin cadmodel (category:power,tabindex:5)
2023-11-18 12:16:33,575 [INFO] PluginManage:310 - Check plugin clock
2023-11-18 12:16:33,583 [INFO] PluginManage:359 - Loaded plugin clock (category:base,tabindex:2)
2023-11-18 12:16:33,583 [INFO] PluginManage:310 - Check plugin ddr
2023-11-18 12:16:33,584 [INFO] PluginManage:359 - Loaded plugin ddr (category:tool,tabindex:6)
2023-11-18 12:16:33,585 [INFO] PluginManage:310 - Check plugin filemanager
2023-11-18 12:16:33,694 [INFO] PluginManage:359 - Loaded plugin filemanager (category:base,tabindex:10)
2023-11-18 12:16:33,694 [INFO] PluginManage:310 - Check plugin ipmanager
2023-11-18 12:16:33,699 [INFO] PluginManage:359 - Loaded plugin ipmanager (category:base,tabindex:5)
2023-11-18 12:16:33,699 [INFO] PluginManage:310 - Check plugin lpbam
2023-11-18 12:16:33,706 [INFO] PluginManage:359 - Loaded plugin lpbam (category:base,tabindex:0)
2023-11-18 12:16:33,706 [INFO] PluginManage:310 - Check plugin memorymap
2023-11-18 12:16:33,716 [INFO] PluginManage:359 - Loaded plugin memorymap (category:base,tabindex:4)
2023-11-18 12:16:33,717 [INFO] PluginManage:310 - Check plugin pinoutandconfiguration
2023-11-18 12:16:33,722 [INFO] PluginManage:359 - Loaded plugin pinoutandconfiguration (category:base,tabindex:1)
2023-11-18 12:16:33,722 [INFO] PluginManage:310 - Check plugin pinoutconfig
2023-11-18 12:16:33,789 [WARN] SupportedApi:132 - Cannot load RTOS API schema: s4s-elt-must-match.1: The content of 'definitions' must match (annotation?, (simpleType | complexType)?, (unique | key | keyref)*)). A problem was found starting at: attribute.
2023-11-18 12:16:33,884 [INFO] PluginManage:359 - Loaded plugin pinoutconfig (category:base,tabindex:0)
2023-11-18 12:16:33,884 [INFO] PluginManage:310 - Check plugin power
2023-11-18 12:16:33,890 [INFO] PluginManage:359 - Loaded plugin power (category:power,tabindex:4)
2023-11-18 12:16:33,890 [INFO] PluginManage:310 - Check plugin projectmanager
2023-11-18 12:16:33,902 [INFO] PluginManage:359 - Loaded plugin projectmanager (category:projectmanager,tabindex:3)
2023-11-18 12:16:33,902 [INFO] PluginManage:310 - Check plugin thirdparty
2023-11-18 12:16:33,990 [INFO] PluginManage:359 - Loaded plugin thirdparty (category:base,tabindex:-1)
2023-11-18 12:16:33,990 [WARN] IntegrityCheckThread:84 - waiting for thirdparty lock release [integrity check]
2023-11-18 12:16:33,991 [INFO] PluginManage:310 - Check plugin tools
2023-11-18 12:16:33,991 [INFO] IntegrityCheckThread:86 - entering critical section [integrity check]
2023-11-18 12:16:33,991 [INFO] ThirdPartyUpdaterWithRetryManager:70 - Updater plugin not ready yet. [1/15]
2023-11-18 12:16:33,992 [INFO] PluginManage:359 - Loaded plugin tools (category:base,tabindex:7)
2023-11-18 12:16:33,992 [INFO] PluginManage:310 - Check plugin tutovideos
2023-11-18 12:16:34,230 [INFO] PluginManage:359 - Loaded plugin tutovideos (category:base,tabindex:-1)
2023-11-18 12:16:34,231 [INFO] PluginManage:310 - Check plugin updater
2023-11-18 12:16:34,241 [INFO] PluginManage:359 - Loaded plugin updater (category:base,tabindex:12)
2023-11-18 12:16:34,241 [INFO] PluginManage:310 - Check plugin userauth
2023-11-18 12:16:34,245 [INFO] UserAuth:113 - Init User Auth plugin
2023-11-18 12:16:34,245 [INFO] PluginManage:359 - Loaded plugin userauth (category:base,tabindex:14)
2023-11-18 12:16:34,245 [INFO] PluginManage:283 - PluginManage : Loaded plugins [17]
2023-11-18 12:16:34,414 [INFO] PinOutPanel:1499 - setPackage(No Configuration,No Configuration)
2023-11-18 12:16:34,497 [INFO] CADModel:165 - CPN selected for project level
2023-11-18 12:16:34,498 [INFO] CADModel:114 - Register for checkConnection events
2023-11-18 12:16:34,517 [INFO] IPUIPlugin:80 - create IPUIPlugin
2023-11-18 12:16:34,517 [INFO] PluginManager:220 - loadIPPluginJar : add sai
2023-11-18 12:16:34,521 [INFO] IPUIPlugin:80 - create IPUIPlugin
2023-11-18 12:16:34,521 [INFO] PluginManager:220 - loadIPPluginJar : add ipddr
2023-11-18 12:16:34,522 [INFO] IPUIPlugin:80 - create IPUIPlugin
2023-11-18 12:16:34,523 [INFO] PluginManager:220 - loadIPPluginJar : add ltdc
2023-11-18 12:16:34,524 [INFO] IPUIPlugin:80 - create IPUIPlugin
2023-11-18 12:16:34,524 [INFO] PluginManager:220 - loadIPPluginJar : add genericplugin
2023-11-18 12:16:34,527 [INFO] IPUIPlugin:80 - create IPUIPlugin
2023-11-18 12:16:34,527 [INFO] PluginManager:220 - loadIPPluginJar : add i2c
2023-11-18 12:16:34,530 [INFO] IPUIPlugin:80 - create IPUIPlugin
2023-11-18 12:16:34,530 [INFO] PluginManager:220 - loadIPPluginJar : add i2s
2023-11-18 12:16:34,537 [INFO] IPUIPlugin:80 - create IPUIPlugin
2023-11-18 12:16:34,537 [INFO] PluginManager:220 - loadIPPluginJar : add freertos
2023-11-18 12:16:34,544 [INFO] IPUIPlugin:80 - create IPUIPlugin
2023-11-18 12:16:34,548 [INFO] PluginManager:220 - loadIPPluginJar : add plateformsettings
2023-11-18 12:16:34,551 [INFO] IPUIPlugin:80 - create IPUIPlugin
2023-11-18 12:16:34,551 [INFO] PluginManager:220 - loadIPPluginJar : add i3c
2023-11-18 12:16:34,553 [INFO] IPUIPlugin:80 - create IPUIPlugin
2023-11-18 12:16:34,553 [INFO] PluginManager:220 - loadIPPluginJar : add fatfs
2023-11-18 12:16:34,555 [INFO] IPUIPlugin:80 - create IPUIPlugin
2023-11-18 12:16:34,555 [INFO] PluginManager:220 - loadIPPluginJar : add ts
2023-11-18 12:16:34,558 [INFO] IPUIPlugin:80 - create IPUIPlugin
2023-11-18 12:16:34,558 [INFO] PluginManager:220 - loadIPPluginJar : add cryp
2023-11-18 12:16:34,563 [INFO] IPUIPlugin:80 - create IPUIPlugin
2023-11-18 12:16:34,563 [INFO] PluginManager:220 - loadIPPluginJar : add opamp
2023-11-18 12:16:34,565 [INFO] IPUIPlugin:80 - create IPUIPlugin
2023-11-18 12:16:34,565 [INFO] PluginManager:220 - loadIPPluginJar : add ucpd
2023-11-18 12:16:34,567 [INFO] IPUIPlugin:80 - create IPUIPlugin
2023-11-18 12:16:34,567 [INFO] PluginManager:220 - loadIPPluginJar : add tim
2023-11-18 12:16:34,569 [INFO] IPUIPlugin:80 - create IPUIPlugin
2023-11-18 12:16:34,569 [INFO] PluginManager:220 - loadIPPluginJar : add can
2023-11-18 12:16:34,571 [INFO] IPUIPlugin:80 - create IPUIPlugin
2023-11-18 12:16:34,571 [INFO] PluginManager:220 - loadIPPluginJar : add aes
2023-11-18 12:16:34,576 [INFO] IPUIPlugin:80 - create IPUIPlugin
2023-11-18 12:16:34,576 [INFO] PluginManager:220 - loadIPPluginJar : add gpio
2023-11-18 12:16:34,579 [INFO] IPUIPlugin:80 - create IPUIPlugin
2023-11-18 12:16:34,580 [INFO] PluginManager:220 - loadIPPluginJar : add fmc
2023-11-18 12:16:34,581 [INFO] IPUIPlugin:80 - create IPUIPlugin
2023-11-18 12:16:34,582 [INFO] PluginManager:220 - loadIPPluginJar : add gtzc
2023-11-18 12:16:34,583 [INFO] IPUIPlugin:80 - create IPUIPlugin
2023-11-18 12:16:34,583 [INFO] PluginManager:220 - loadIPPluginJar : add tsc
2023-11-18 12:16:34,585 [INFO] IPUIPlugin:80 - create IPUIPlugin
2023-11-18 12:16:34,585 [INFO] PluginManager:220 - loadIPPluginJar : add lorawan
2023-11-18 12:16:34,587 [INFO] IPUIPlugin:80 - create IPUIPlugin
2023-11-18 12:16:34,587 [INFO] PluginManager:220 - loadIPPluginJar : add tracer_emb
2023-11-18 12:16:34,590 [INFO] IPUIPlugin:80 - create IPUIPlugin
2023-11-18 12:16:34,591 [INFO] PluginManager:220 - loadIPPluginJar : add nvic
2023-11-18 12:16:34,592 [INFO] IPUIPlugin:80 - create IPUIPlugin
2023-11-18 12:16:34,593 [INFO] PluginManager:220 - loadIPPluginJar : add comp
2023-11-18 12:16:34,599 [INFO] IPUIPlugin:80 - create IPUIPlugin
2023-11-18 12:16:34,599 [INFO] PluginManager:220 - loadIPPluginJar : add mdma
2023-11-18 12:16:34,601 [INFO] IPUIPlugin:80 - create IPUIPlugin
2023-11-18 12:16:34,601 [INFO] PluginManager:220 - loadIPPluginJar : add gfxmmu
2023-11-18 12:16:34,602 [INFO] IPUIPlugin:80 - create IPUIPlugin
2023-11-18 12:16:34,602 [INFO] PluginManager:220 - loadIPPluginJar : add dma3
2023-11-18 12:16:34,608 [INFO] IPUIPlugin:80 - create IPUIPlugin
2023-11-18 12:16:34,608 [INFO] PluginManager:220 - loadIPPluginJar : add linkedlist
2023-11-18 12:16:34,611 [INFO] IPUIPlugin:80 - create IPUIPlugin
2023-11-18 12:16:34,612 [INFO] PluginManager:220 - loadIPPluginJar : add gic
2023-11-18 12:16:34,614 [INFO] IPUIPlugin:80 - create IPUIPlugin
2023-11-18 12:16:34,614 [INFO] PluginManager:220 - loadIPPluginJar : add touchsensing
2023-11-18 12:16:34,615 [INFO] IPUIPlugin:80 - create IPUIPlugin
2023-11-18 12:16:34,615 [INFO] PluginManager:220 - loadIPPluginJar : add hash
2023-11-18 12:16:34,617 [INFO] IPUIPlugin:80 - create IPUIPlugin
2023-11-18 12:16:34,618 [INFO] PluginManager:220 - loadIPPluginJar : add resmgrutility
2023-11-18 12:16:34,619 [INFO] IPUIPlugin:80 - create IPUIPlugin
2023-11-18 12:16:34,619 [INFO] PluginManager:220 - loadIPPluginJar : add usart
2023-11-18 12:16:34,621 [INFO] IPUIPlugin:80 - create IPUIPlugin
2023-11-18 12:16:34,621 [INFO] PluginManager:220 - loadIPPluginJar : add spi
2023-11-18 12:16:34,623 [INFO] IPUIPlugin:80 - create IPUIPlugin
2023-11-18 12:16:34,624 [INFO] PluginManager:220 - loadIPPluginJar : add openamp
2023-11-18 12:16:34,628 [INFO] IPUIPlugin:80 - create IPUIPlugin
2023-11-18 12:16:34,628 [INFO] PluginManager:220 - loadIPPluginJar : add dma
2023-11-18 12:16:34,630 [INFO] IPUIPlugin:80 - create IPUIPlugin
2023-11-18 12:16:34,630 [INFO] PluginManager:220 - loadIPPluginJar : add usbx
2023-11-18 12:16:34,632 [INFO] IPUIPlugin:80 - create IPUIPlugin
2023-11-18 12:16:34,633 [INFO] PluginManager:220 - loadIPPluginJar : add dfsdm
2023-11-18 12:16:34,637 [INFO] IPUIPlugin:80 - create IPUIPlugin
2023-11-18 12:16:34,637 [INFO] PluginManager:220 - loadIPPluginJar : add stm32_wpan
2023-11-18 12:16:34,638 [INFO] IPUIPlugin:80 - create IPUIPlugin
2023-11-18 12:16:34,638 [INFO] PluginManager:220 - loadIPPluginJar : add quadspi
2023-11-18 12:16:34,643 [INFO] IPUIPlugin:80 - create IPUIPlugin
2023-11-18 12:16:34,643 [INFO] PluginManager:220 - loadIPPluginJar : add adc
2023-11-18 12:16:34,645 [INFO] IPUIPlugin:80 - create IPUIPlugin
2023-11-18 12:16:34,645 [INFO] PluginManager:220 - loadIPPluginJar : add pdm2pcm
2023-11-18 12:16:34,780 [INFO] CADModel:165 - CPN selected for project level
2023-11-18 12:16:34,780 [INFO] CADModel:114 - Register for checkConnection events
2023-11-18 12:16:34,780 [FATAL] Updater:308 - Updater called before beeing initialized
2023-11-18 12:16:34,780 [ERROR] CADModel:125 - Updater not yet initialized, retry later 
2023-11-18 12:16:34,875 [INFO] CADModel:165 - CPN selected for project level
2023-11-18 12:16:34,875 [INFO] CADModel:114 - Register for checkConnection events
2023-11-18 12:16:34,875 [FATAL] Updater:308 - Updater called before beeing initialized
2023-11-18 12:16:34,875 [ERROR] CADModel:125 - Updater not yet initialized, retry later 
2023-11-18 12:16:34,877 [FATAL] Updater:308 - Updater called before beeing initialized
2023-11-18 12:16:34,940 [FATAL] Updater:308 - Updater called before beeing initialized
2023-11-18 12:16:34,945 [INFO] DbMcusAds:53 - JSON generation date=Tue Mar 07 09:50:55 CET 2023 (1678179055335)
2023-11-18 12:16:34,945 [FATAL] Updater:308 - Updater called before beeing initialized
2023-11-18 12:16:34,976 [WARN] DetailPanel:346 - Failed to get advertising image, set to default
2023-11-18 12:16:35,064 [FATAL] Updater:308 - Updater called before beeing initialized
2023-11-18 12:16:35,066 [FATAL] Updater:308 - Updater called before beeing initialized
2023-11-18 12:16:35,066 [FATAL] Updater:308 - Updater called before beeing initialized
2023-11-18 12:16:35,066 [WARN] DetailPanel:346 - Failed to get advertising image, set to default
2023-11-18 12:16:35,067 [FATAL] Updater:308 - Updater called before beeing initialized
2023-11-18 12:16:35,092 [ERROR] Updater:1120 - MainUpdater not yet initialized. External WinMGr cannot be set.
2023-11-18 12:16:35,093 [INFO] Updater:1056 - Updater Version found : 6.9.1
2023-11-18 12:16:35,109 [INFO] ApplicationProperties:184 - Using Application install path: /opt/st/stm32cubeide_1.13.1/plugins/com.st.stm32cube.common.mx_6.9.1.202307191849
2023-11-18 12:16:35,354 [INFO] MainUpdater:2868 - connection check result : 10
2023-11-18 12:16:35,355 [INFO] MainUpdater:285 - Updater Check For Update Now.
2023-11-18 12:16:35,355 [INFO] MicroXplorer:498 - Change Database Version : DB.6.0.91
2023-11-18 12:16:35,363 [INFO] McuFinderGlobals:63 - Set McuFinder mode to 2 (CubeIDE integrated)
2023-11-18 12:16:35,557 [INFO] CheckServerUpdateThread:120 - End of CheckServer Thread
2023-11-18 12:16:37,067 [WARN] PackLoader:240 - Cannot read IP mode file for STMicroelectronics.X-CUBE-SMBUS.2.1.0
2023-11-18 12:16:37,090 [WARN] PackLoader:240 - Cannot read IP mode file for STMicroelectronics.X-CUBE-AZRTOS-F7.1.1.0
2023-11-18 12:16:37,097 [WARN] PackLoader:240 - Cannot read IP mode file for STMicroelectronics.FP-SNS-MOTENV1.4.3.2
2023-11-18 12:16:37,102 [WARN] PackLoader:240 - Cannot read IP mode file for STMicroelectronics.FP-SNS-FLIGHT1.5.0.2
2023-11-18 12:16:37,108 [WARN] PackLoader:240 - Cannot read IP mode file for STMicroelectronics.X-CUBE-DISPLAY.3.0.0
2023-11-18 12:16:37,117 [WARN] PackLoader:240 - Cannot read IP mode file for STMicroelectronics.X-CUBE-BLE1.7.0.0
2023-11-18 12:16:37,120 [WARN] PackLoader:240 - Cannot read IP mode file for emotas.I-CUBE-CANOPEN.1.3.0
2023-11-18 12:16:37,123 [WARN] PackLoader:240 - Cannot read IP mode file for STMicroelectronics.X-CUBE-TOUCHGFX.4.22.0
2023-11-18 12:16:37,125 [WARN] PackLoader:240 - Cannot read IP mode file for STMicroelectronics.X-CUBE-TOUCHGFX.4.22.1
2023-11-18 12:16:37,127 [WARN] PackLoader:240 - Cannot read IP mode file for STMicroelectronics.FP-SNS-SMARTAG2.1.2.0
2023-11-18 12:16:37,137 [INFO] LogOutputStream:77 - [STDOUT_REDIRECT] 1 : Invalid condition id : UX_CORESTACK_Condition cause : null
2023-11-18 12:16:37,137 [INFO] LogOutputStream:77 - [STDOUT_REDIRECT] 1 : Invalid condition id : UX_CORESTACK_Condition cause : null
2023-11-18 12:16:37,137 [INFO] LogOutputStream:77 - [STDOUT_REDIRECT] 1 : Invalid condition id : UX_CORESTACK_Condition cause : null
2023-11-18 12:16:37,138 [INFO] LogOutputStream:77 - [STDOUT_REDIRECT] 1 : Invalid condition id : UX_CORESTACK_Condition cause : null
2023-11-18 12:16:37,138 [INFO] LogOutputStream:77 - [STDOUT_REDIRECT] 1 : Invalid condition id : UX_CORESTACK_Condition cause : null
2023-11-18 12:16:37,141 [WARN] PackLoader:240 - Cannot read IP mode file for STMicroelectronics.X-CUBE-AZRTOS-WL.2.0.0
2023-11-18 12:16:37,148 [WARN] PackLoader:240 - Cannot read IP mode file for WES.I-CUBE-Cesium.1.3.0
2023-11-18 12:16:37,151 [WARN] PackLoader:240 - Cannot read IP mode file for STMicroelectronics.X-CUBE-BLE2.3.3.0
2023-11-18 12:16:37,156 [WARN] PackLoader:240 - Cannot read IP mode file for STMicroelectronics.X-CUBE-ALGOBUILD.1.3.0
2023-11-18 12:16:37,174 [WARN] PackLoader:240 - Cannot read IP mode file for STMicroelectronics.X-CUBE-AZRTOS-G0.1.1.0
2023-11-18 12:16:37,179 [WARN] PackLoader:240 - Cannot read IP mode file for STMicroelectronics.X-CUBE-NFC4.3.0.0
2023-11-18 12:16:37,188 [WARN] PackLoader:240 - Cannot read IP mode file for STMicroelectronics.X-CUBE-BLEMGR.3.0.0
2023-11-18 12:16:37,192 [WARN] PackLoader:240 - Cannot read IP mode file for STMicroelectronics.FP-ATR-SIGFOX1.3.2.0
2023-11-18 12:16:37,240 [WARN] PackLoader:240 - Cannot read IP mode file for SEGGER.I-CUBE-embOS.1.3.1
2023-11-18 12:16:37,321 [WARN] PackLoader:240 - Cannot read IP mode file for STMicroelectronics.X-CUBE-GNSS1.6.0.0
2023-11-18 12:16:37,340 [WARN] PackLoader:240 - Cannot read IP mode file for STMicroelectronics.X-CUBE-AZRTOS-F4.1.1.0
2023-11-18 12:16:37,346 [WARN] PackLoader:240 - Cannot read IP mode file for wolfSSL.I-CUBE-wolfSSL.5.6.3
2023-11-18 12:16:37,363 [WARN] PackLoader:240 - Cannot read IP mode file for STMicroelectronics.X-CUBE-AZRTOS-L5.2.0.0
2023-11-18 12:16:37,406 [WARN] PackLoader:240 - Cannot read IP mode file for STMicroelectronics.X-CUBE-MEMS1.9.6.0
2023-11-18 12:16:37,547 [WARN] PackLoader:240 - Cannot read IP mode file for STMicroelectronics.X-CUBE-EEPRMA1.4.2.0
2023-11-18 12:16:37,550 [WARN] PackLoader:240 - Cannot read IP mode file for ITTIA_DB.I-CUBE-ITTIADB.8.8.0
2023-11-18 12:16:37,554 [WARN] PackLoader:240 - Cannot read IP mode file for STMicroelectronics.X-CUBE-BLEMGR.2.0.0
2023-11-18 12:16:37,566 [WARN] ConditionMgr:438 - getConditionDescription Invalid condition id : UX DEVICE CLASS RTOS Condition cause : null
2023-11-18 12:16:37,566 [WARN] ConditionMgr:438 - getConditionDescription Invalid condition id : UX DEVICE CLASS RTOS Condition cause : null
2023-11-18 12:16:37,568 [WARN] PackLoader:240 - Cannot read IP mode file for STMicroelectronics.X-CUBE-AZRTOS-H7.3.1.0
2023-11-18 12:16:37,569 [WARN] ConditionMgr:1039 - genDependencies : Invalid condition id : UX DEVICE CLASS RTOS Condition cause : null
2023-11-18 12:16:37,569 [WARN] ConditionMgr:1039 - genDependencies : Invalid condition id : UX DEVICE CLASS RTOS Condition cause : null
2023-11-18 12:16:37,570 [WARN] ConditionMgr:1039 - genDependencies : Invalid condition id : UX DEVICE CLASS RTOS Condition cause : null
2023-11-18 12:16:37,570 [WARN] ConditionMgr:1039 - genDependencies : Invalid condition id : UX DEVICE CLASS RTOS Condition cause : null
2023-11-18 12:16:37,570 [WARN] ConditionMgr:1039 - genDependencies : Invalid condition id : UX DEVICE CLASS RTOS Condition cause : null
2023-11-18 12:16:37,574 [WARN] PackLoader:240 - Cannot read IP mode file for STMicroelectronics.X-CUBE-NFC7.1.0.1
2023-11-18 12:16:37,578 [WARN] PackLoader:240 - Cannot read IP mode file for STMicroelectronics.X-CUBE-NFC6.3.0.0
2023-11-18 12:16:37,582 [WARN] PackLoader:240 - Cannot read IP mode file for STMicroelectronics.X-CUBE-EEPRMA1.4.1.0
2023-11-18 12:16:37,584 [WARN] PackLoader:240 - Cannot read IP mode file for STMicroelectronics.X-CUBE-AI.8.1.0
2023-11-18 12:16:37,595 [WARN] ConditionMgr:438 - getConditionDescription Invalid condition id : LAN8742 Phy interface Condition cause : null
2023-11-18 12:16:37,596 [WARN] PackLoader:240 - Cannot read IP mode file for STMicroelectronics.X-CUBE-AZRTOS-L4.2.0.0
2023-11-18 12:16:37,597 [WARN] ConditionMgr:1039 - genDependencies : Invalid condition id : LAN8742 Phy interface Condition cause : null
2023-11-18 12:16:37,597 [WARN] ConditionMgr:1039 - genDependencies : Invalid condition id : LAN8742 Phy interface Condition cause : null
2023-11-18 12:16:37,597 [WARN] ConditionMgr:1039 - genDependencies : Invalid condition id : LAN8742 Phy interface Condition cause : null
2023-11-18 12:16:37,602 [WARN] PackLoader:240 - Cannot read IP mode file for STMicroelectronics.X-CUBE-SFXS2LP1.4.0.0
2023-11-18 12:16:37,605 [WARN] PackLoader:240 - Cannot read IP mode file for STMicroelectronics.X-CUBE-ISPU.1.1.0
2023-11-18 12:16:37,613 [WARN] ConditionMgr:438 - getConditionDescription Invalid condition id : UX DEVICE CLASS RTOS Condition cause : null
2023-11-18 12:16:37,613 [WARN] ConditionMgr:438 - getConditionDescription Invalid condition id : UX DEVICE CLASS RTOS Condition cause : null
2023-11-18 12:16:37,615 [WARN] PackLoader:240 - Cannot read IP mode file for STMicroelectronics.X-CUBE-AZRTOS-WB.2.0.0
2023-11-18 12:16:37,615 [WARN] ConditionMgr:1039 - genDependencies : Invalid condition id : UX DEVICE CLASS RTOS Condition cause : null
2023-11-18 12:16:37,615 [WARN] ConditionMgr:1039 - genDependencies : Invalid condition id : UX DEVICE CLASS RTOS Condition cause : null
2023-11-18 12:16:37,616 [WARN] ConditionMgr:1039 - genDependencies : Invalid condition id : UX DEVICE CLASS RTOS Condition cause : null
2023-11-18 12:16:37,616 [WARN] ConditionMgr:1039 - genDependencies : Invalid condition id : UX DEVICE CLASS RTOS Condition cause : null
2023-11-18 12:16:37,616 [WARN] ConditionMgr:1039 - genDependencies : Invalid condition id : UX DEVICE CLASS RTOS Condition cause : null
2023-11-18 12:16:37,623 [WARN] PackLoader:240 - Cannot read IP mode file for STMicroelectronics.X-CUBE-SUBG2.5.0.0
2023-11-18 12:16:37,633 [WARN] PackLoader:240 - Cannot read IP mode file for STMicroelectronics.X-CUBE-TOF1.3.3.1
2023-11-18 12:16:37,648 [WARN] PackLoader:240 - Cannot read IP mode file for STMicroelectronics.X-CUBE-AZRTOS-G4.2.0.0
2023-11-18 12:16:37,663 [WARN] PackLoader:240 - Cannot read IP mode file for Infineon.AIROC-Wi-Fi-Bluetooth-STM32.1.5.1
2023-11-18 12:16:37,670 [WARN] PackLoader:240 - Cannot read IP mode file for STMicroelectronics.FP-SNS-MOTENVWB1.1.3.0
2023-11-18 12:16:37,698 [WARN] PackLoader:240 - Cannot read IP mode file for STMicroelectronics.X-CUBE-MEMS1.10.0.0
2023-11-18 12:16:37,816 [WARN] PackLoader:240 - Cannot read IP mode file for STMicroelectronics.X-CUBE-FREERTOS.1.1.0
2023-11-18 12:16:37,818 [WARN] PackLoader:240 - Cannot read IP mode file for portGmbH.I-Cube-SoM-uGOAL.1.1.0
2023-11-18 12:16:37,820 [WARN] PackLoader:240 - Cannot read IP mode file for STMicroelectronics.X-CUBE-ALS.1.0.1
2023-11-18 12:16:37,822 [WARN] PackLoader:240 - Cannot read IP mode file for STMicroelectronics.FP-ATR-ASTRA1.2.0.0
2023-11-18 12:16:37,823 [INFO] ThirdParty:978 - Integrity check success = true
2023-11-18 12:16:37,823 [INFO] IntegrityCheckThread:100 - exiting critical section [integrity check]
2023-11-18 12:16:37,823 [INFO] IntegrityCheckThread:103 - End integrity checks thread
2023-11-18 12:16:55,969 [ERROR] LogOutputStream:75 - [STDERR_REDIRECT] SLF4J: Failed to load class "org.slf4j.impl.StaticLoggerBinder".
2023-11-18 12:16:55,969 [ERROR] LogOutputStream:75 - [STDERR_REDIRECT] SLF4J: Defaulting to no-operation (NOP) logger implementation
2023-11-18 12:16:55,969 [ERROR] LogOutputStream:75 - [STDERR_REDIRECT] SLF4J: See http://www.slf4j.org/codes.html#StaticLoggerBinder for further details.
2023-11-18 12:17:04,202 [INFO] LogOutputStream:77 - [STDOUT_REDIRECT] Unexpected error loading extension: org.eclipse.equinox.p2.metadata.repository.compositeRepository
2023-11-18 12:17:04,202 [ERROR] LogOutputStream:75 - [STDERR_REDIRECT] java.lang.IllegalStateException: bundle org.eclipse.equinox.p2.repositoryis not started
2023-11-18 12:17:04,202 [ERROR] LogOutputStream:75 - [STDERR_REDIRECT] 	at org.eclipse.equinox.internal.p2.repository.Activator.getContext(Activator.java:65)
2023-11-18 12:17:04,202 [ERROR] LogOutputStream:75 - [STDERR_REDIRECT] 	at org.eclipse.equinox.internal.p2.repository.helpers.AbstractRepositoryManager.restoreFromSystemProperty(AbstractRepositoryManager.java:1013)
2023-11-18 12:17:04,203 [ERROR] LogOutputStream:75 - [STDERR_REDIRECT] 	at org.eclipse.equinox.internal.p2.repository.helpers.AbstractRepositoryManager.restoreRepositories(AbstractRepositoryManager.java:1033)
2023-11-18 12:17:04,203 [ERROR] LogOutputStream:75 - [STDERR_REDIRECT] 	at org.eclipse.equinox.internal.p2.repository.helpers.AbstractRepositoryManager.sortSuffixes(AbstractRepositoryManager.java:1112)
2023-11-18 12:17:04,203 [ERROR] LogOutputStream:75 - [STDERR_REDIRECT] 	at org.eclipse.equinox.internal.p2.repository.helpers.AbstractRepositoryManager.loadRepository(AbstractRepositoryManager.java:676)
2023-11-18 12:17:04,203 [ERROR] LogOutputStream:75 - [STDERR_REDIRECT] 	at org.eclipse.equinox.internal.p2.metadata.repository.MetadataRepositoryManager.loadRepository(MetadataRepositoryManager.java:110)
2023-11-18 12:17:04,203 [ERROR] LogOutputStream:75 - [STDERR_REDIRECT] 	at org.eclipse.equinox.internal.p2.metadata.repository.MetadataRepositoryManager.loadRepository(MetadataRepositoryManager.java:105)
2023-11-18 12:17:04,203 [ERROR] LogOutputStream:75 - [STDERR_REDIRECT] 	at org.eclipse.equinox.internal.p2.metadata.repository.CompositeMetadataRepository.addChild(CompositeMetadataRepository.java:171)
2023-11-18 12:17:04,203 [ERROR] LogOutputStream:75 - [STDERR_REDIRECT] 	at org.eclipse.equinox.internal.p2.metadata.repository.CompositeMetadataRepository.<init>(CompositeMetadataRepository.java:113)
2023-11-18 12:17:04,203 [ERROR] LogOutputStream:75 - [STDERR_REDIRECT] 	at org.eclipse.equinox.internal.p2.metadata.repository.CompositeMetadataRepositoryFactory.load(CompositeMetadataRepositoryFactory.java:124)
2023-11-18 12:17:04,204 [ERROR] LogOutputStream:75 - [STDERR_REDIRECT] 	at org.eclipse.equinox.internal.p2.metadata.repository.MetadataRepositoryManager.factoryLoad(MetadataRepositoryManager.java:63)
2023-11-18 12:17:04,204 [ERROR] LogOutputStream:75 - [STDERR_REDIRECT] 	at org.eclipse.equinox.internal.p2.repository.helpers.AbstractRepositoryManager.loadRepository(AbstractRepositoryManager.java:787)
2023-11-18 12:17:04,204 [ERROR] LogOutputStream:75 - [STDERR_REDIRECT] 	at org.eclipse.equinox.internal.p2.repository.helpers.AbstractRepositoryManager.loadRepository(AbstractRepositoryManager.java:685)
2023-11-18 12:17:04,204 [ERROR] LogOutputStream:75 - [STDERR_REDIRECT] 	at org.eclipse.equinox.internal.p2.metadata.repository.MetadataRepositoryManager.loadRepository(MetadataRepositoryManager.java:110)
2023-11-18 12:17:04,204 [ERROR] LogOutputStream:75 - [STDERR_REDIRECT] 	at org.eclipse.equinox.internal.p2.metadata.repository.MetadataRepositoryManager.loadRepository(MetadataRepositoryManager.java:105)
2023-11-18 12:17:04,205 [ERROR] LogOutputStream:75 - [STDERR_REDIRECT] 	at org.eclipse.equinox.internal.p2.metadata.repository.CompositeMetadataRepository.addChild(CompositeMetadataRepository.java:171)
2023-11-18 12:17:04,205 [ERROR] LogOutputStream:75 - [STDERR_REDIRECT] 	at org.eclipse.equinox.internal.p2.metadata.repository.CompositeMetadataRepository.<init>(CompositeMetadataRepository.java:113)
2023-11-18 12:17:04,205 [ERROR] LogOutputStream:75 - [STDERR_REDIRECT] 	at org.eclipse.equinox.internal.p2.metadata.repository.CompositeMetadataRepositoryFactory.load(CompositeMetadataRepositoryFactory.java:124)
2023-11-18 12:17:04,205 [ERROR] LogOutputStream:75 - [STDERR_REDIRECT] 	at org.eclipse.equinox.internal.p2.metadata.repository.MetadataRepositoryManager.factoryLoad(MetadataRepositoryManager.java:63)
2023-11-18 12:17:04,205 [ERROR] LogOutputStream:75 - [STDERR_REDIRECT] 	at org.eclipse.equinox.internal.p2.repository.helpers.AbstractRepositoryManager.loadRepository(AbstractRepositoryManager.java:787)
2023-11-18 12:17:04,205 [ERROR] LogOutputStream:75 - [STDERR_REDIRECT] 	at org.eclipse.equinox.internal.p2.repository.helpers.AbstractRepositoryManager.loadRepository(AbstractRepositoryManager.java:685)
2023-11-18 12:17:04,206 [ERROR] LogOutputStream:75 - [STDERR_REDIRECT] 	at org.eclipse.equinox.internal.p2.metadata.repository.MetadataRepositoryManager.loadRepository(MetadataRepositoryManager.java:110)
2023-11-18 12:17:04,206 [ERROR] LogOutputStream:75 - [STDERR_REDIRECT] 	at org.eclipse.equinox.internal.p2.metadata.repository.MetadataRepositoryManager.loadRepository(MetadataRepositoryManager.java:105)
2023-11-18 12:17:04,206 [ERROR] LogOutputStream:75 - [STDERR_REDIRECT] 	at org.eclipse.equinox.internal.p2.updatechecker.UpdateChecker.getAvailableRepositories(UpdateChecker.java:152)
2023-11-18 12:17:04,206 [ERROR] LogOutputStream:75 - [STDERR_REDIRECT] 	at org.eclipse.equinox.internal.p2.updatechecker.UpdateChecker.checkForUpdates(UpdateChecker.java:130)
2023-11-18 12:17:04,206 [ERROR] LogOutputStream:75 - [STDERR_REDIRECT] 	at org.eclipse.equinox.internal.p2.updatechecker.UpdateChecker$UpdateCheckThread.run(UpdateChecker.java:78)
2023-11-18 12:17:04,206 [INFO] LogOutputStream:77 - [STDOUT_REDIRECT] Provisioning exception
2023-11-18 12:17:04,207 [ERROR] LogOutputStream:75 - [STDERR_REDIRECT] org.eclipse.equinox.p2.core.ProvisionException: No repository found at https://sw-center.st.com/stm32cubeide/eclipse.
2023-11-18 12:17:04,207 [ERROR] LogOutputStream:75 - [STDERR_REDIRECT] 	at org.eclipse.equinox.internal.p2.repository.helpers.AbstractRepositoryManager.fail(AbstractRepositoryManager.java:405)
2023-11-18 12:17:04,207 [ERROR] LogOutputStream:75 - [STDERR_REDIRECT] 	at org.eclipse.equinox.internal.p2.repository.helpers.AbstractRepositoryManager.loadRepository(AbstractRepositoryManager.java:709)
2023-11-18 12:17:04,207 [ERROR] LogOutputStream:75 - [STDERR_REDIRECT] 	at org.eclipse.equinox.internal.p2.metadata.repository.MetadataRepositoryManager.loadRepository(MetadataRepositoryManager.java:110)
2023-11-18 12:17:04,207 [ERROR] LogOutputStream:75 - [STDERR_REDIRECT] 	at org.eclipse.equinox.internal.p2.metadata.repository.MetadataRepositoryManager.loadRepository(MetadataRepositoryManager.java:105)
2023-11-18 12:17:04,207 [ERROR] LogOutputStream:75 - [STDERR_REDIRECT] 	at org.eclipse.equinox.internal.p2.metadata.repository.CompositeMetadataRepository.addChild(CompositeMetadataRepository.java:171)
2023-11-18 12:17:04,207 [ERROR] LogOutputStream:75 - [STDERR_REDIRECT] 	at org.eclipse.equinox.internal.p2.metadata.repository.CompositeMetadataRepository.<init>(CompositeMetadataRepository.java:113)
2023-11-18 12:17:04,207 [ERROR] LogOutputStream:75 - [STDERR_REDIRECT] 	at org.eclipse.equinox.internal.p2.metadata.repository.CompositeMetadataRepositoryFactory.load(CompositeMetadataRepositoryFactory.java:124)
2023-11-18 12:17:04,208 [ERROR] LogOutputStream:75 - [STDERR_REDIRECT] 	at org.eclipse.equinox.internal.p2.metadata.repository.MetadataRepositoryManager.factoryLoad(MetadataRepositoryManager.java:63)
2023-11-18 12:17:04,208 [ERROR] LogOutputStream:75 - [STDERR_REDIRECT] 	at org.eclipse.equinox.internal.p2.repository.helpers.AbstractRepositoryManager.loadRepository(AbstractRepositoryManager.java:787)
2023-11-18 12:17:04,208 [ERROR] LogOutputStream:75 - [STDERR_REDIRECT] 	at org.eclipse.equinox.internal.p2.repository.helpers.AbstractRepositoryManager.loadRepository(AbstractRepositoryManager.java:685)
2023-11-18 12:17:04,208 [ERROR] LogOutputStream:75 - [STDERR_REDIRECT] 	at org.eclipse.equinox.internal.p2.metadata.repository.MetadataRepositoryManager.loadRepository(MetadataRepositoryManager.java:110)
2023-11-18 12:17:04,208 [ERROR] LogOutputStream:75 - [STDERR_REDIRECT] 	at org.eclipse.equinox.internal.p2.metadata.repository.MetadataRepositoryManager.loadRepository(MetadataRepositoryManager.java:105)
2023-11-18 12:17:04,208 [ERROR] LogOutputStream:75 - [STDERR_REDIRECT] 	at org.eclipse.equinox.internal.p2.updatechecker.UpdateChecker.getAvailableRepositories(UpdateChecker.java:152)
2023-11-18 12:17:04,208 [ERROR] LogOutputStream:75 - [STDERR_REDIRECT] 	at org.eclipse.equinox.internal.p2.updatechecker.UpdateChecker.checkForUpdates(UpdateChecker.java:130)
2023-11-18 12:17:04,209 [ERROR] LogOutputStream:75 - [STDERR_REDIRECT] 	at org.eclipse.equinox.internal.p2.updatechecker.UpdateChecker$UpdateCheckThread.run(UpdateChecker.java:78)
2023-11-18 12:17:04,209 [INFO] LogOutputStream:77 - [STDOUT_REDIRECT] Unable to read repository at https://sw-center.st.com/stm32cubeide/updatesite1.
2023-11-18 12:17:04,209 [ERROR] LogOutputStream:75 - [STDERR_REDIRECT] org.eclipse.equinox.p2.core.ProvisionException: No repository found at https://sw-center.st.com/stm32cubeide/eclipse.
2023-11-18 12:17:04,209 [ERROR] LogOutputStream:75 - [STDERR_REDIRECT] 	at org.eclipse.equinox.internal.p2.repository.helpers.AbstractRepositoryManager.fail(AbstractRepositoryManager.java:405)
2023-11-18 12:17:04,209 [ERROR] LogOutputStream:75 - [STDERR_REDIRECT] 	at org.eclipse.equinox.internal.p2.repository.helpers.AbstractRepositoryManager.loadRepository(AbstractRepositoryManager.java:709)
2023-11-18 12:17:04,210 [ERROR] LogOutputStream:75 - [STDERR_REDIRECT] 	at org.eclipse.equinox.internal.p2.metadata.repository.MetadataRepositoryManager.loadRepository(MetadataRepositoryManager.java:110)
2023-11-18 12:17:04,210 [ERROR] LogOutputStream:75 - [STDERR_REDIRECT] 	at org.eclipse.equinox.internal.p2.metadata.repository.MetadataRepositoryManager.loadRepository(MetadataRepositoryManager.java:105)
2023-11-18 12:17:04,210 [ERROR] LogOutputStream:75 - [STDERR_REDIRECT] 	at org.eclipse.equinox.internal.p2.metadata.repository.CompositeMetadataRepository.addChild(CompositeMetadataRepository.java:171)
2023-11-18 12:17:04,210 [ERROR] LogOutputStream:75 - [STDERR_REDIRECT] 	at org.eclipse.equinox.internal.p2.metadata.repository.CompositeMetadataRepository.<init>(CompositeMetadataRepository.java:113)
2023-11-18 12:17:04,210 [ERROR] LogOutputStream:75 - [STDERR_REDIRECT] 	at org.eclipse.equinox.internal.p2.metadata.repository.CompositeMetadataRepositoryFactory.load(CompositeMetadataRepositoryFactory.java:124)
2023-11-18 12:17:04,210 [ERROR] LogOutputStream:75 - [STDERR_REDIRECT] 	at org.eclipse.equinox.internal.p2.metadata.repository.MetadataRepositoryManager.factoryLoad(MetadataRepositoryManager.java:63)
2023-11-18 12:17:04,210 [ERROR] LogOutputStream:75 - [STDERR_REDIRECT] 	at org.eclipse.equinox.internal.p2.repository.helpers.AbstractRepositoryManager.loadRepository(AbstractRepositoryManager.java:787)
2023-11-18 12:17:04,210 [ERROR] LogOutputStream:75 - [STDERR_REDIRECT] 	at org.eclipse.equinox.internal.p2.repository.helpers.AbstractRepositoryManager.loadRepository(AbstractRepositoryManager.java:685)
2023-11-18 12:17:04,211 [ERROR] LogOutputStream:75 - [STDERR_REDIRECT] 	at org.eclipse.equinox.internal.p2.metadata.repository.MetadataRepositoryManager.loadRepository(MetadataRepositoryManager.java:110)
2023-11-18 12:17:04,211 [ERROR] LogOutputStream:75 - [STDERR_REDIRECT] 	at org.eclipse.equinox.internal.p2.metadata.repository.MetadataRepositoryManager.loadRepository(MetadataRepositoryManager.java:105)
2023-11-18 12:17:04,211 [ERROR] LogOutputStream:75 - [STDERR_REDIRECT] 	at org.eclipse.equinox.internal.p2.updatechecker.UpdateChecker.getAvailableRepositories(UpdateChecker.java:152)
2023-11-18 12:17:04,211 [ERROR] LogOutputStream:75 - [STDERR_REDIRECT] 	at org.eclipse.equinox.internal.p2.updatechecker.UpdateChecker.checkForUpdates(UpdateChecker.java:130)
2023-11-18 12:17:04,211 [ERROR] LogOutputStream:75 - [STDERR_REDIRECT] 	at org.eclipse.equinox.internal.p2.updatechecker.UpdateChecker$UpdateCheckThread.run(UpdateChecker.java:78)
2023-11-18 12:17:04,211 [INFO] LogOutputStream:77 - [STDOUT_REDIRECT] Exception in update check thread
2023-11-18 12:17:04,211 [ERROR] LogOutputStream:75 - [STDERR_REDIRECT] java.lang.IllegalStateException: bundle org.eclipse.equinox.p2.repositoryis not started
2023-11-18 12:17:04,211 [ERROR] LogOutputStream:75 - [STDERR_REDIRECT] 	at org.eclipse.equinox.internal.p2.repository.Activator.getContext(Activator.java:65)
2023-11-18 12:17:04,212 [ERROR] LogOutputStream:75 - [STDERR_REDIRECT] 	at org.eclipse.equinox.internal.p2.repository.helpers.AbstractRepositoryManager.getPreferences(AbstractRepositoryManager.java:506)
2023-11-18 12:17:04,212 [ERROR] LogOutputStream:75 - [STDERR_REDIRECT] 	at org.eclipse.equinox.internal.p2.repository.helpers.AbstractRepositoryManager.remember(AbstractRepositoryManager.java:896)
2023-11-18 12:17:04,212 [ERROR] LogOutputStream:75 - [STDERR_REDIRECT] 	at org.eclipse.equinox.internal.p2.repository.helpers.AbstractRepositoryManager.addRepository(AbstractRepositoryManager.java:171)
2023-11-18 12:17:04,212 [ERROR] LogOutputStream:75 - [STDERR_REDIRECT] 	at org.eclipse.equinox.internal.p2.repository.helpers.AbstractRepositoryManager.loadRepository(AbstractRepositoryManager.java:672)
2023-11-18 12:17:04,212 [ERROR] LogOutputStream:75 - [STDERR_REDIRECT] 	at org.eclipse.equinox.internal.p2.metadata.repository.MetadataRepositoryManager.loadRepository(MetadataRepositoryManager.java:110)
2023-11-18 12:17:04,212 [ERROR] LogOutputStream:75 - [STDERR_REDIRECT] 	at org.eclipse.equinox.internal.p2.metadata.repository.MetadataRepositoryManager.loadRepository(MetadataRepositoryManager.java:105)
2023-11-18 12:17:04,212 [ERROR] LogOutputStream:75 - [STDERR_REDIRECT] 	at org.eclipse.equinox.internal.p2.updatechecker.UpdateChecker.getAvailableRepositories(UpdateChecker.java:152)
2023-11-18 12:17:04,212 [ERROR] LogOutputStream:75 - [STDERR_REDIRECT] 	at org.eclipse.equinox.internal.p2.updatechecker.UpdateChecker.checkForUpdates(UpdateChecker.java:130)
2023-11-18 12:17:04,213 [ERROR] LogOutputStream:75 - [STDERR_REDIRECT] 	at org.eclipse.equinox.internal.p2.updatechecker.UpdateChecker$UpdateCheckThread.run(UpdateChecker.java:78)
